<?xml version="1.0" encoding="UTF-8"?>
<testng-results skipped="0" failed="0" total="1" passed="1">
  <reporter-output>
  </reporter-output>
  <suite name="Surefire suite" duration-ms="23" started-at="2019-05-01T16:54:02Z" finished-at="2019-05-01T16:54:02Z">
    <groups>
    </groups>
    <test name="Surefire test" duration-ms="23" started-at="2019-05-01T16:54:02Z" finished-at="2019-05-01T16:54:02Z">
      <class name="MavenRepository.AppTest">
        <test-method status="PASS" signature="testApp()" name="testApp on instance testApp(MavenRepository.AppTest)" duration-ms="4" started-at="2019-05-01T16:54:02Z" finished-at="2019-05-01T16:54:02Z">
        </test-method>
      </class>
    </test>
  </suite>
</testng-results>
