<?xml version="1.0" encoding="UTF-8"?>
<testng-results skipped="0" failed="0" ignored="0" total="1" passed="1">
  <reporter-output>
  </reporter-output>
  <suite name="Default suite" duration-ms="1375" started-at="2019-05-11T15:08:43Z" finished-at="2019-05-11T15:08:44Z">
    <groups>
    </groups>
    <test name="Default test" duration-ms="1375" started-at="2019-05-11T15:08:43Z" finished-at="2019-05-11T15:08:44Z">
      <class name="MavenRepository.DatabaseTesting">
        <test-method status="PASS" signature="databaseconnection()[pri:0, instance:MavenRepository.DatabaseTesting@cb5822]" name="databaseconnection" duration-ms="1321" started-at="2019-05-11T20:38:43Z" finished-at="2019-05-11T20:38:44Z">
          <reporter-output>
          </reporter-output>
        </test-method> <!-- databaseconnection -->
      </class> <!-- MavenRepository.DatabaseTesting -->
    </test> <!-- Default test -->
  </suite> <!-- Default suite -->
</testng-results>
