<?xml version="1.0" encoding="UTF-8"?>
<testng-results skipped="0" failed="1" ignored="0" total="3" passed="2">
  <reporter-output>
  </reporter-output>
  <suite name="Suite" duration-ms="194817" started-at="2019-05-10T18:12:23Z" finished-at="2019-05-10T18:15:38Z">
    <groups>
    </groups>
    <test name="Test" duration-ms="84525" started-at="2019-05-10T18:12:23Z" finished-at="2019-05-10T18:13:48Z">
      <class name="MavenRepository.Homepage">
        <test-method status="PASS" signature="browseriniatiate()[pri:0, instance:MavenRepository.Homepage@318ba8c8]" name="browseriniatiate" is-config="true" duration-ms="76150" started-at="2019-05-10T23:42:23Z" finished-at="2019-05-10T23:43:39Z">
          <reporter-output>
          </reporter-output>
        </test-method> <!-- browseriniatiate -->
        <test-method status="FAIL" signature="homepage(java.lang.String, java.lang.String)[pri:0, instance:MavenRepository.Homepage@318ba8c8]" name="homepage" duration-ms="4240" started-at="2019-05-10T23:43:39Z" data-provider="getdata" finished-at="2019-05-10T23:43:44Z">
          <params>
            <param index="0">
              <value>
                <![CDATA[testmail.gmail.com]]>
              </value>
            </param>
            <param index="1">
              <value>
                <![CDATA[123454]]>
              </value>
            </param>
          </params>
          <exception class="org.openqa.selenium.WebDriverException">
            <message>
              <![CDATA[unknown error: Element <a href="http://qaclickacademy.usefedora.com/sign_in">...</a> is not clickable at point (1324, 16). Other element would receive the click: <div class="listbuilder-popup-content">...</div>
  (Session info: chrome=74.0.3729.131)
  (Driver info: chromedriver=2.46.628402 (536cd7adbad73a3783fdc2cab92ab2ba7ec361e1),platform=Windows NT 10.0.17134 x86_64) (WARNING: The server did not provide any stacktrace information)
Command duration or timeout: 0 milliseconds
Build info: version: '3.14.0', revision: 'aacccce0', time: '2018-08-02T20:19:58.91Z'
System info: host: 'LAPTOP-03UMJAB3', ip: '192.168.0.102', os.name: 'Windows 10', os.arch: 'amd64', os.version: '10.0', java.version: '1.8.0_211'
Driver info: org.openqa.selenium.chrome.ChromeDriver
Capabilities {acceptInsecureCerts: false, acceptSslCerts: false, applicationCacheEnabled: false, browserConnectionEnabled: false, browserName: chrome, chrome: {chromedriverVersion: 2.46.628402 (536cd7adbad73a..., userDataDir: C:\Users\AMANPR~1\AppData\L...}, cssSelectorsEnabled: true, databaseEnabled: false, goog:chromeOptions: {debuggerAddress: localhost:60181}, handlesAlerts: true, hasTouchScreen: false, javascriptEnabled: true, locationContextEnabled: true, mobileEmulationEnabled: false, nativeEvents: true, networkConnectionEnabled: false, pageLoadStrategy: normal, platform: XP, platformName: XP, proxy: Proxy(), rotatable: false, setWindowRect: true, strictFileInteractability: false, takesHeapSnapshot: true, takesScreenshot: true, timeouts: {implicit: 0, pageLoad: 300000, script: 30000}, unexpectedAlertBehaviour: ignore, unhandledPromptBehavior: ignore, version: 74.0.3729.131, webStorageEnabled: true}
Session ID: 6600375118da39920709922515d682bd]]>
            </message>
            <full-stacktrace>
              <![CDATA[org.openqa.selenium.WebDriverException: unknown error: Element <a href="http://qaclickacademy.usefedora.com/sign_in">...</a> is not clickable at point (1324, 16). Other element would receive the click: <div class="listbuilder-popup-content">...</div>
  (Session info: chrome=74.0.3729.131)
  (Driver info: chromedriver=2.46.628402 (536cd7adbad73a3783fdc2cab92ab2ba7ec361e1),platform=Windows NT 10.0.17134 x86_64) (WARNING: The server did not provide any stacktrace information)
Command duration or timeout: 0 milliseconds
Build info: version: '3.14.0', revision: 'aacccce0', time: '2018-08-02T20:19:58.91Z'
System info: host: 'LAPTOP-03UMJAB3', ip: '192.168.0.102', os.name: 'Windows 10', os.arch: 'amd64', os.version: '10.0', java.version: '1.8.0_211'
Driver info: org.openqa.selenium.chrome.ChromeDriver
Capabilities {acceptInsecureCerts: false, acceptSslCerts: false, applicationCacheEnabled: false, browserConnectionEnabled: false, browserName: chrome, chrome: {chromedriverVersion: 2.46.628402 (536cd7adbad73a..., userDataDir: C:\Users\AMANPR~1\AppData\L...}, cssSelectorsEnabled: true, databaseEnabled: false, goog:chromeOptions: {debuggerAddress: localhost:60181}, handlesAlerts: true, hasTouchScreen: false, javascriptEnabled: true, locationContextEnabled: true, mobileEmulationEnabled: false, nativeEvents: true, networkConnectionEnabled: false, pageLoadStrategy: normal, platform: XP, platformName: XP, proxy: Proxy(), rotatable: false, setWindowRect: true, strictFileInteractability: false, takesHeapSnapshot: true, takesScreenshot: true, timeouts: {implicit: 0, pageLoad: 300000, script: 30000}, unexpectedAlertBehaviour: ignore, unhandledPromptBehavior: ignore, version: 74.0.3729.131, webStorageEnabled: true}
Session ID: 6600375118da39920709922515d682bd
	at sun.reflect.NativeConstructorAccessorImpl.newInstance0(Native Method)
	at sun.reflect.NativeConstructorAccessorImpl.newInstance(NativeConstructorAccessorImpl.java:62)
	at sun.reflect.DelegatingConstructorAccessorImpl.newInstance(DelegatingConstructorAccessorImpl.java:45)
	at java.lang.reflect.Constructor.newInstance(Constructor.java:423)
	at org.openqa.selenium.remote.ErrorHandler.createThrowable(ErrorHandler.java:214)
	at org.openqa.selenium.remote.ErrorHandler.throwIfResponseFailed(ErrorHandler.java:166)
	at org.openqa.selenium.remote.http.JsonHttpResponseCodec.reconstructValue(JsonHttpResponseCodec.java:40)
	at org.openqa.selenium.remote.http.AbstractHttpResponseCodec.decode(AbstractHttpResponseCodec.java:80)
	at org.openqa.selenium.remote.http.AbstractHttpResponseCodec.decode(AbstractHttpResponseCodec.java:44)
	at org.openqa.selenium.remote.HttpCommandExecutor.execute(HttpCommandExecutor.java:158)
	at org.openqa.selenium.remote.service.DriverCommandExecutor.execute(DriverCommandExecutor.java:83)
	at org.openqa.selenium.remote.RemoteWebDriver.execute(RemoteWebDriver.java:548)
	at org.openqa.selenium.remote.RemoteWebElement.execute(RemoteWebElement.java:276)
	at org.openqa.selenium.remote.RemoteWebElement.click(RemoteWebElement.java:83)
	at sun.reflect.NativeMethodAccessorImpl.invoke0(Native Method)
	at sun.reflect.NativeMethodAccessorImpl.invoke(NativeMethodAccessorImpl.java:62)
	at sun.reflect.DelegatingMethodAccessorImpl.invoke(DelegatingMethodAccessorImpl.java:43)
	at java.lang.reflect.Method.invoke(Method.java:498)
	at org.openqa.selenium.support.pagefactory.internal.LocatingElementHandler.invoke(LocatingElementHandler.java:51)
	at com.sun.proxy.$Proxy24.click(Unknown Source)
	at MavenRepository.Homepage.homepage(Homepage.java:31)
	at sun.reflect.NativeMethodAccessorImpl.invoke0(Native Method)
	at sun.reflect.NativeMethodAccessorImpl.invoke(NativeMethodAccessorImpl.java:62)
	at sun.reflect.DelegatingMethodAccessorImpl.invoke(DelegatingMethodAccessorImpl.java:43)
	at java.lang.reflect.Method.invoke(Method.java:498)
	at org.testng.internal.MethodInvocationHelper.invokeMethod(MethodInvocationHelper.java:108)
	at org.testng.internal.Invoker.invokeMethod(Invoker.java:661)
	at org.testng.internal.Invoker.invokeTestMethod(Invoker.java:869)
	at org.testng.internal.Invoker.invokeTestMethods(Invoker.java:1193)
	at org.testng.internal.TestMethodWorker.invokeTestMethods(TestMethodWorker.java:126)
	at org.testng.internal.TestMethodWorker.run(TestMethodWorker.java:109)
	at org.testng.TestRunner.privateRun(TestRunner.java:744)
	at org.testng.TestRunner.run(TestRunner.java:602)
	at org.testng.SuiteRunner.runTest(SuiteRunner.java:380)
	at org.testng.SuiteRunner.runSequentially(SuiteRunner.java:375)
	at org.testng.SuiteRunner.privateRun(SuiteRunner.java:340)
	at org.testng.SuiteRunner.run(SuiteRunner.java:289)
	at org.testng.SuiteRunnerWorker.runSuite(SuiteRunnerWorker.java:52)
	at org.testng.SuiteRunnerWorker.run(SuiteRunnerWorker.java:86)
	at org.testng.TestNG.runSuitesSequentially(TestNG.java:1301)
	at org.testng.TestNG.runSuitesLocally(TestNG.java:1226)
	at org.testng.TestNG.runSuites(TestNG.java:1144)
	at org.testng.TestNG.run(TestNG.java:1115)
	at org.apache.maven.surefire.testng.TestNGExecutor.run(TestNGExecutor.java:283)
	at org.apache.maven.surefire.testng.TestNGXmlTestSuite.execute(TestNGXmlTestSuite.java:75)
	at org.apache.maven.surefire.testng.TestNGProvider.invoke(TestNGProvider.java:120)
	at org.apache.maven.surefire.booter.ForkedBooter.invokeProviderInSameClassLoader(ForkedBooter.java:384)
	at org.apache.maven.surefire.booter.ForkedBooter.runSuitesInProcess(ForkedBooter.java:345)
	at org.apache.maven.surefire.booter.ForkedBooter.execute(ForkedBooter.java:126)
	at org.apache.maven.surefire.booter.ForkedBooter.main(ForkedBooter.java:418)
]]>
            </full-stacktrace>
          </exception> <!-- org.openqa.selenium.WebDriverException -->
          <reporter-output>
          </reporter-output>
        </test-method> <!-- homepage -->
        <test-method status="PASS" signature="closebrowser()[pri:0, instance:MavenRepository.Homepage@318ba8c8]" name="closebrowser" is-config="true" duration-ms="2153" started-at="2019-05-10T23:43:46Z" finished-at="2019-05-10T23:43:48Z">
          <reporter-output>
          </reporter-output>
        </test-method> <!-- closebrowser -->
      </class> <!-- MavenRepository.Homepage -->
    </test> <!-- Test -->
    <test name="pagevalidation" duration-ms="49096" started-at="2019-05-10T18:13:58Z" finished-at="2019-05-10T18:14:47Z">
      <class name="MavenRepository.PageValidation">
        <test-method status="PASS" signature="browseriniatiate3()[pri:0, instance:MavenRepository.PageValidation@5e316c74]" name="browseriniatiate3" is-config="true" duration-ms="45677" started-at="2019-05-10T23:43:58Z" finished-at="2019-05-10T23:44:44Z">
          <reporter-output>
          </reporter-output>
        </test-method> <!-- browseriniatiate3 -->
        <test-method status="PASS" signature="pagevalidation()[pri:0, instance:MavenRepository.PageValidation@5e316c74]" name="pagevalidation" duration-ms="832" started-at="2019-05-10T23:44:44Z" finished-at="2019-05-10T23:44:45Z">
          <reporter-output>
          </reporter-output>
        </test-method> <!-- pagevalidation -->
        <test-method status="PASS" signature="closebrowser3()[pri:0, instance:MavenRepository.PageValidation@5e316c74]" name="closebrowser3" is-config="true" duration-ms="2584" started-at="2019-05-10T23:44:45Z" finished-at="2019-05-10T23:44:47Z">
          <reporter-output>
          </reporter-output>
        </test-method> <!-- closebrowser3 -->
      </class> <!-- MavenRepository.PageValidation -->
    </test> <!-- pagevalidation -->
    <test name="Navigation" duration-ms="41826" started-at="2019-05-10T18:14:56Z" finished-at="2019-05-10T18:15:38Z">
      <class name="MavenRepository.NavigationValidation">
        <test-method status="PASS" signature="browseriniatiate2()[pri:0, instance:MavenRepository.NavigationValidation@2b6faea6]" name="browseriniatiate2" is-config="true" duration-ms="39531" started-at="2019-05-10T23:44:56Z" finished-at="2019-05-10T23:45:36Z">
          <reporter-output>
          </reporter-output>
        </test-method> <!-- browseriniatiate2 -->
        <test-method status="PASS" signature="navigation()[pri:0, instance:MavenRepository.NavigationValidation@2b6faea6]" name="navigation" duration-ms="87" started-at="2019-05-10T23:45:36Z" finished-at="2019-05-10T23:45:36Z">
          <reporter-output>
          </reporter-output>
        </test-method> <!-- navigation -->
        <test-method status="PASS" signature="closebrowser2()[pri:0, instance:MavenRepository.NavigationValidation@2b6faea6]" name="closebrowser2" is-config="true" duration-ms="2206" started-at="2019-05-10T23:45:36Z" finished-at="2019-05-10T23:45:38Z">
          <reporter-output>
          </reporter-output>
        </test-method> <!-- closebrowser2 -->
      </class> <!-- MavenRepository.NavigationValidation -->
    </test> <!-- Navigation -->
  </suite> <!-- Suite -->
</testng-results>
